<?xml version="1.0" encoding="UTF-8"?>
<!-- Generated by org.testng.reporters.JUnitReportReporter -->
<testsuite skipped="0" hostname="DESKTOP-JD7QQ86" name="org.example.test.EjbTestSuit" tests="10" failures="0" timestamp="2020-06-05T00:53:18 BST" time="1.116" errors="0">
  <testcase name="getContactById" time="0.193" classname="org.example.test.EjbTestSuit"/>
  <system-out/>
  <testcase name="updateContact" time="0.260" classname="org.example.test.EjbTestSuit"/>
  <system-out/>
  <testcase name="getAllContacts" time="0.110" classname="org.example.test.EjbTestSuit"/>
  <system-out/>
  <testcase name="createContact" time="0.168" classname="org.example.test.EjbTestSuit"/>
  <system-out/>
  <testcase name="createContactEmptyName" time="0.018" classname="org.example.test.EjbTestSuit"/>
  <system-out/>
  <testcase name="createContactInvalidNameSize" time="0.009" classname="org.example.test.EjbTestSuit"/>
  <system-out/>
  <testcase name="createContactWithoutName" time="0.009" classname="org.example.test.EjbTestSuit"/>
  <system-out/>
  <testcase name="getMissingContact" time="0.090" classname="org.example.test.EjbTestSuit"/>
  <system-out/>
  <testcase name="createContactWithoutAddress" time="0.012" classname="org.example.test.EjbTestSuit"/>
  <system-out/>
  <testcase name="updateContactNumber" time="0.247" classname="org.example.test.EjbTestSuit"/>
  <system-out/>
</testsuite> <!-- org.example.test.EjbTestSuit -->
