<?xml version="1.0" encoding="UTF-8"?>
<!-- Generated by org.testng.reporters.JUnitReportReporter -->
<testsuite skipped="0" hostname="DESKTOP-JD7QQ86" name="org.example.test.TestSuit" tests="10" failures="0" timestamp="2020-06-05T01:36:26 BST" time="1.460" errors="0">
  <testcase name="getContactById" time="0.205" classname="org.example.test.TestSuit"/>
  <system-out/>
  <testcase name="getMissingContact" time="0.082" classname="org.example.test.TestSuit"/>
  <system-out/>
  <testcase name="createContactEmptyName" time="0.019" classname="org.example.test.TestSuit"/>
  <system-out/>
  <testcase name="createContact" time="0.515" classname="org.example.test.TestSuit"/>
  <system-out/>
  <testcase name="createContactWithoutAddress" time="0.007" classname="org.example.test.TestSuit"/>
  <system-out/>
  <testcase name="updateContactNumber" time="0.245" classname="org.example.test.TestSuit"/>
  <system-out/>
  <testcase name="updateContact" time="0.238" classname="org.example.test.TestSuit"/>
  <system-out/>
  <testcase name="createContactInvalidNameSize" time="0.010" classname="org.example.test.TestSuit"/>
  <system-out/>
  <testcase name="createContactWithoutName" time="0.008" classname="org.example.test.TestSuit"/>
  <system-out/>
  <testcase name="getAllContacts" time="0.131" classname="org.example.test.TestSuit"/>
  <system-out/>
</testsuite> <!-- org.example.test.TestSuit -->
